<?xml version="1.0" encoding="UTF-8"?>
<!-- Generated by org.testng.reporters.JUnitReportReporter -->
<testsuite hostname="LAPTOP-8QGT5BI0" failures="0" tests="2" name="actitime.testcases.LogonPageTest" time="10.955" errors="0" timestamp="25 Sep 2022 13:42:35 GMT" skipped="1">
  <testcase classname="actitime.testcases.LogonPageTest" name="loginPageLogoTest" time="10.955"/>
  <testcase classname="actitime.testcases.LogonPageTest" name="LoginTest" time="0.000">
    <skipped/>
  </testcase> <!-- LoginTest -->
</testsuite> <!-- actitime.testcases.LogonPageTest -->
