<?xml version="1.0" encoding="UTF-8"?>
<!-- Generated by org.testng.reporters.JUnitReportReporter -->
<testsuite hostname="LAPTOP-8QGT5BI0" failures="0" tests="2" name="actitime.testcases.HomePageTest" time="40.858" errors="0" timestamp="25 Sep 2022 13:42:35 GMT" skipped="0">
  <testcase classname="actitime.testcases.HomePageTest" name="homePageLogoTest" time="16.684"/>
  <testcase classname="actitime.testcases.HomePageTest" name="homePageTaskLinkTest" time="24.174"/>
</testsuite> <!-- actitime.testcases.HomePageTest -->
